2025-01-08 23:01:38,377 - INFO - [1/5] Validating input arguments...
2025-01-08 23:01:38,377 - INFO - [2/5] Initializing components...
2025-01-08 23:01:38,378 - INFO - Device set to: CPU
2025-01-08 23:01:39,010 - INFO - Pretrained VGG-19 model loaded successfully.
2025-01-08 23:01:39,010 - INFO - [3/5] Ensuring model for 'impressionism'...
2025-01-08 23:01:39,011 - INFO - Model for 'impressionism' not found locally. Downloading...
2025-01-08 23:01:39,011 - INFO - Checking for model 'artify/impressionism_model' in cache or downloading it from Hugging Face Hub...
2025-01-08 23:01:39,190 - ERROR - Failed to download model 'artify/impressionism_model': 404 Client Error. (Request ID: Root=1-677ef5c1-1c4c45935fbc51831a30c569;0e1ed360-80dd-43a0-8457-46274935c4d7)

Repository Not Found for url: https://huggingface.co/api/models/artify/impressionism_model/revision/main.
Please make sure you specified the correct `repo_id` and `repo_type`.
If you are trying to access a private or gated repo, make sure you are authenticated.
2025-01-08 23:01:39,190 - ERROR - Failed to download model for 'impressionism': 404 Client Error. (Request ID: Root=1-677ef5c1-1c4c45935fbc51831a30c569;0e1ed360-80dd-43a0-8457-46274935c4d7)

Repository Not Found for url: https://huggingface.co/api/models/artify/impressionism_model/revision/main.
Please make sure you specified the correct `repo_id` and `repo_type`.
If you are trying to access a private or gated repo, make sure you are authenticated.
2025-01-08 23:01:39,190 - ERROR - Failed to ensure model: 404 Client Error. (Request ID: Root=1-677ef5c1-1c4c45935fbc51831a30c569;0e1ed360-80dd-43a0-8457-46274935c4d7)

Repository Not Found for url: https://huggingface.co/api/models/artify/impressionism_model/revision/main.
Please make sure you specified the correct `repo_id` and `repo_type`.
If you are trying to access a private or gated repo, make sure you are authenticated.
2025-01-08 23:04:14,076 - INFO - [1/5] Validating input arguments...
2025-01-08 23:04:14,076 - INFO - [2/5] Initializing components...
2025-01-08 23:04:14,076 - INFO - Device set to: CPU
2025-01-08 23:04:14,708 - INFO - Pretrained VGG-19 model loaded successfully.
2025-01-08 23:04:14,709 - INFO - [3/5] Ensuring model for 'impressionism'...
2025-01-08 23:04:14,709 - INFO - Model for 'impressionism' not found locally. Downloading...
2025-01-08 23:04:14,709 - INFO - Checking for model 'ClueSec/artify-models/impressionism_model' in cache or downloading it from Hugging Face Hub...
2025-01-08 23:04:14,709 - ERROR - Failed to download model 'ClueSec/artify-models/impressionism_model': Repo id must be in the form 'repo_name' or 'namespace/repo_name': 'ClueSec/artify-models/impressionism_model'. Use `repo_type` argument if needed.
2025-01-08 23:04:14,710 - ERROR - Failed to download model for 'impressionism': Repo id must be in the form 'repo_name' or 'namespace/repo_name': 'ClueSec/artify-models/impressionism_model'. Use `repo_type` argument if needed.
2025-01-08 23:04:14,710 - ERROR - Failed to ensure model: Repo id must be in the form 'repo_name' or 'namespace/repo_name': 'ClueSec/artify-models/impressionism_model'. Use `repo_type` argument if needed.
2025-01-08 23:06:04,075 - INFO - [1/5] Validating input arguments...
2025-01-08 23:06:04,075 - INFO - [2/5] Initializing components...
2025-01-08 23:06:04,075 - INFO - Device set to: CPU
2025-01-08 23:06:04,712 - INFO - Pretrained VGG-19 model loaded successfully.
2025-01-08 23:06:04,713 - INFO - [3/5] Ensuring model for 'impressionism'...
2025-01-08 23:06:04,713 - INFO - Model for 'impressionism' not found locally. Downloading...
2025-01-08 23:06:04,713 - INFO - Checking for model 'ClueSec/artify-models' in cache or downloading it from Hugging Face Hub...
2025-01-08 23:06:05,517 - INFO - Model downloaded to models/models--ClueSec--artify-models/snapshots/14c23b02e4ba4ceae728c0881fe47856566d7ac3.
2025-01-08 23:06:05,517 - INFO - Model for 'impressionism' downloaded and saved to models/impressionism_model.pth.
2025-01-08 23:06:05,517 - INFO - [4/5] Preprocessing content image...
2025-01-08 23:06:05,522 - INFO - [5/5] Loading and preprocessing style image...
2025-01-08 23:06:05,545 - INFO - [6/6] Applying style transfer... This may take a few moments.
2025-01-08 23:06:05,545 - INFO - Starting style transfer process...
2025-01-08 23:06:05,551 - INFO - Extracting features for style and content...
2025-01-08 23:06:06,590 - INFO - Running 300 iterations for style transfer...
2025-01-08 23:06:07,807 - INFO - Iteration 1/300 - Content Loss: 0.0000, Style Loss: 15833.0293, TV Loss: 52832.7656, Total Loss: 15833029632.0000
2025-01-08 23:06:30,635 - INFO - Iteration 20/300 - Content Loss: 15.6187, Style Loss: 7440.6294, TV Loss: 67254.0781, Total Loss: 7676249600.0000
2025-01-08 23:06:33,984 - INFO - [1/5] Validating input arguments...
2025-01-08 23:06:33,984 - INFO - [2/5] Initializing components...
2025-01-08 23:06:33,984 - INFO - Device set to: CPU
2025-01-08 23:06:34,620 - INFO - Pretrained VGG-19 model loaded successfully.
2025-01-08 23:06:34,621 - INFO - [3/5] Ensuring model for 'impressionism'...
2025-01-08 23:06:34,621 - INFO - Model for 'impressionism' not found locally. Downloading...
2025-01-08 23:06:34,621 - INFO - Checking for model 'ClueSec/artify-models' in cache or downloading it from Hugging Face Hub...
2025-01-08 23:06:34,976 - INFO - Model downloaded to models/models--ClueSec--artify-models/snapshots/14c23b02e4ba4ceae728c0881fe47856566d7ac3.
2025-01-08 23:06:34,976 - INFO - Model for 'impressionism' downloaded and saved to models/impressionism_model.pth.
2025-01-08 23:06:34,976 - INFO - [4/5] Preprocessing content image...
2025-01-08 23:06:34,985 - INFO - [5/5] Loading and preprocessing style image...
2025-01-08 23:06:34,998 - INFO - [6/6] Applying style transfer... This may take a few moments.
2025-01-08 23:06:34,998 - INFO - Starting style transfer process...
2025-01-08 23:06:35,008 - INFO - Extracting features for style and content...
2025-01-08 23:06:36,044 - INFO - Running 300 iterations for style transfer...
2025-01-08 23:06:37,276 - INFO - Iteration 1/300 - Content Loss: 0.0000, Style Loss: 141202.8750, TV Loss: 52832.7656, Total Loss: 141202882560.0000
2025-01-08 23:06:42,439 - INFO - [1/5] Validating input arguments...
2025-01-08 23:06:42,439 - INFO - [2/5] Initializing components...
2025-01-08 23:06:42,439 - INFO - Device set to: CPU
2025-01-08 23:06:43,085 - INFO - Pretrained VGG-19 model loaded successfully.
2025-01-08 23:06:43,086 - INFO - [3/5] Ensuring model for 'impressionism'...
2025-01-08 23:06:43,086 - INFO - Model for 'impressionism' not found locally. Downloading...
2025-01-08 23:06:43,086 - INFO - Checking for model 'ClueSec/artify-models' in cache or downloading it from Hugging Face Hub...
2025-01-08 23:06:43,409 - INFO - Model downloaded to models/models--ClueSec--artify-models/snapshots/14c23b02e4ba4ceae728c0881fe47856566d7ac3.
2025-01-08 23:06:43,409 - INFO - Model for 'impressionism' downloaded and saved to models/impressionism_model.pth.
2025-01-08 23:06:43,409 - INFO - [4/5] Preprocessing content image...
2025-01-08 23:06:43,413 - INFO - [5/5] Loading and preprocessing style image...
2025-01-08 23:06:43,436 - INFO - [6/6] Applying style transfer... This may take a few moments.
2025-01-08 23:06:43,436 - INFO - Starting style transfer process...
2025-01-08 23:06:43,442 - INFO - Extracting features for style and content...
2025-01-08 23:06:44,482 - INFO - Running 300 iterations for style transfer...
2025-01-08 23:06:45,731 - INFO - Iteration 1/300 - Content Loss: 0.0000, Style Loss: 15833.0293, TV Loss: 52832.7656, Total Loss: 15833029632.0000
2025-01-08 23:09:28,020 - INFO - [1/5] Validating input arguments...
2025-01-08 23:09:28,020 - INFO - [2/5] Initializing components...
2025-01-08 23:09:28,020 - INFO - Device set to: CPU
2025-01-08 23:09:28,654 - INFO - Pretrained VGG-19 model loaded successfully.
2025-01-08 23:09:28,655 - INFO - [3/5] Ensuring model for 'impressionism'...
2025-01-08 23:09:28,655 - INFO - Model for 'impressionism' not found locally. Downloading entire repository...
2025-01-08 23:09:28,655 - INFO - Checking for model 'ClueSec/artify-models' in cache or downloading it from Hugging Face Hub...
2025-01-08 23:09:29,332 - INFO - Model downloaded to models/models--ClueSec--artify-models/snapshots/14c23b02e4ba4ceae728c0881fe47856566d7ac3.
2025-01-08 23:09:29,332 - INFO - Model for 'impressionism' saved to models/impressionism_model.pth.
2025-01-08 23:09:29,332 - INFO - [4/5] Preprocessing content image...
2025-01-08 23:09:29,339 - INFO - [5/5] Loading and preprocessing style image...
2025-01-08 23:09:29,381 - INFO - [6/6] Applying style transfer... This may take a few moments.
2025-01-08 23:09:29,381 - INFO - Starting style transfer process...
2025-01-08 23:09:29,384 - INFO - Extracting features for style and content...
2025-01-08 23:09:30,420 - INFO - Running 300 iterations for style transfer...
2025-01-08 23:09:31,675 - INFO - Iteration 1/300 - Content Loss: 0.0000, Style Loss: 56271.2773, TV Loss: 52832.7656, Total Loss: 56271278080.0000
2025-01-08 23:15:00,679 - INFO - [1/5] Validating input arguments...
2025-01-08 23:15:00,680 - INFO - [2/5] Initializing components...
2025-01-08 23:15:00,680 - INFO - Device set to: CPU
2025-01-08 23:15:01,312 - INFO - Pretrained VGG-19 model loaded successfully.
2025-01-08 23:15:01,312 - INFO - [3/5] Ensuring model for 'impressionism'...
2025-01-08 23:15:01,312 - INFO - Model 'impressionism_model.pth' not found locally. Attempting to download...
2025-01-08 23:15:01,312 - INFO - Downloading 'impressionism_model.pth' from Hugging Face repository 'ClueSec/artify-models'...
2025-01-08 23:15:01,492 - INFO - Successfully downloaded 'impressionism_model.pth' to 'models/models--ClueSec--artify-models/snapshots/14c23b02e4ba4ceae728c0881fe47856566d7ac3/impressionism_model.pth'
2025-01-08 23:15:01,493 - INFO - Model 'impressionism_model.pth' is ready at 'models/impressionism_model.pth'
2025-01-08 23:15:01,493 - INFO - [4/5] Preprocessing content image...
2025-01-08 23:15:01,505 - INFO - [5/5] Loading and preprocessing style image...
2025-01-08 23:15:01,521 - INFO - [6/6] Applying style transfer... This may take a few moments.
2025-01-08 23:15:01,521 - INFO - Starting style transfer process...
2025-01-08 23:15:01,528 - INFO - Extracting features for style and content...
2025-01-08 23:15:02,561 - INFO - Running 300 iterations for style transfer...
2025-01-08 23:15:03,872 - INFO - Iteration 1/300 - Content Loss: 0.0000, Style Loss: 8459.7910, TV Loss: 52832.7656, Total Loss: 8459790848.0000
2025-01-08 23:15:19,239 - INFO - [1/5] Validating input arguments...
2025-01-08 23:15:19,239 - INFO - [2/5] Initializing components...
2025-01-08 23:15:19,239 - INFO - Device set to: CPU
2025-01-08 23:15:19,870 - INFO - Pretrained VGG-19 model loaded successfully.
2025-01-08 23:15:19,871 - INFO - [3/5] Ensuring model for 'impressionism'...
2025-01-08 23:15:19,871 - INFO - Model 'impressionism_model.pth' not found locally. Attempting to download...
2025-01-08 23:15:19,871 - INFO - Downloading 'impressionism_model.pth' from Hugging Face repository 'ClueSec/artify-models'...
2025-01-08 23:15:20,361 - INFO - Successfully downloaded 'impressionism_model.pth' to 'models/models--ClueSec--artify-models/snapshots/14c23b02e4ba4ceae728c0881fe47856566d7ac3/impressionism_model.pth'
2025-01-08 23:15:20,362 - INFO - Model 'impressionism_model.pth' is ready at 'models/impressionism_model.pth'
2025-01-08 23:15:20,362 - INFO - [4/5] Preprocessing content image...
2025-01-08 23:15:20,366 - INFO - [5/5] Loading and preprocessing style image...
2025-01-08 23:15:20,388 - INFO - [6/6] Applying style transfer... This may take a few moments.
2025-01-08 23:15:20,388 - INFO - Starting style transfer process...
2025-01-08 23:15:20,393 - INFO - Extracting features for style and content...
2025-01-08 23:15:21,439 - INFO - Running 300 iterations for style transfer...
2025-01-08 23:15:22,720 - INFO - Iteration 1/300 - Content Loss: 0.0000, Style Loss: 56271.2773, TV Loss: 52832.7656, Total Loss: 56271278080.0000
2025-01-08 23:17:27,384 - INFO - [1/5] Validating input arguments...
2025-01-08 23:17:27,384 - INFO - [2/5] Initializing components...
2025-01-08 23:17:27,384 - INFO - Device set to: CPU
2025-01-08 23:17:28,019 - INFO - Pretrained VGG-19 model loaded successfully.
2025-01-08 23:17:28,020 - INFO - [3/5] Ensuring model for 'impressionism'...
2025-01-08 23:17:28,020 - INFO - Model 'impressionism_model.pth' not found locally. Attempting to download...
2025-01-08 23:17:28,020 - INFO - Downloading 'impressionism_model.pth' from Hugging Face repository 'ClueSec/artify-models'...
2025-01-08 23:17:28,529 - INFO - Successfully downloaded 'impressionism_model.pth' to 'models/models--ClueSec--artify-models/snapshots/14c23b02e4ba4ceae728c0881fe47856566d7ac3/impressionism_model.pth'
2025-01-08 23:17:28,529 - INFO - Model 'impressionism_model.pth' is ready at 'models/impressionism_model.pth'
2025-01-08 23:17:28,529 - INFO - [4/5] Preprocessing content image...
2025-01-08 23:17:28,535 - INFO - [5/5] Loading and preprocessing style image...
2025-01-08 23:17:28,551 - INFO - [6/6] Applying style transfer... This may take a few moments.
2025-01-08 23:17:28,551 - INFO - Starting style transfer process...
2025-01-08 23:17:28,627 - INFO - Extracting features for style and content...
2025-01-08 23:17:29,742 - INFO - Running 300 iterations for style transfer...
2025-01-08 23:17:31,091 - INFO - Iteration 1/300 - Content Loss: 0.0000, Style Loss: 141202.8750, TV Loss: 52832.7656, Total Loss: 141202882560.0000
2025-01-08 23:17:54,849 - INFO - Iteration 20/300 - Content Loss: 46.9985, Style Loss: 75310.6875, TV Loss: 76323.4609, Total Loss: 77695524864.0000
2025-01-08 23:18:17,311 - INFO - [1/5] Validating input arguments...
2025-01-08 23:18:17,311 - INFO - [2/5] Initializing components...
2025-01-08 23:18:17,311 - INFO - Device set to: CPU
2025-01-08 23:18:17,959 - INFO - Pretrained VGG-19 model loaded successfully.
2025-01-08 23:18:17,960 - INFO - [3/5] Ensuring model for 'impressionism'...
2025-01-08 23:18:17,960 - INFO - Model 'impressionism_model.pth' not found locally. Attempting to download...
2025-01-08 23:18:17,960 - INFO - Downloading 'impressionism_model.pth' from Hugging Face repository 'ClueSec/artify-models'...
2025-01-08 23:18:18,140 - INFO - Successfully downloaded 'impressionism_model.pth' to 'models/models--ClueSec--artify-models/snapshots/14c23b02e4ba4ceae728c0881fe47856566d7ac3/impressionism_model.pth'
2025-01-08 23:18:18,140 - INFO - Model 'impressionism_model.pth' is ready at 'models/impressionism_model.pth'
2025-01-08 23:18:18,140 - INFO - [4/5] Preprocessing content image...
2025-01-08 23:18:18,147 - INFO - [5/5] Loading and preprocessing style image...
2025-01-08 23:18:18,171 - INFO - [6/6] Applying style transfer... This may take a few moments.
2025-01-08 23:18:18,171 - INFO - Starting style transfer process...
2025-01-08 23:18:18,177 - INFO - Extracting features for style and content...
2025-01-08 23:18:19,223 - INFO - Running 300 iterations for style transfer...
2025-01-08 23:18:20,479 - INFO - Iteration 1/300 - Content Loss: 0.0000, Style Loss: 56271.2773, TV Loss: 52832.7656, Total Loss: 56271278080.0000
2025-01-08 23:18:45,910 - INFO - Iteration 20/300 - Content Loss: 40.7311, Style Loss: 17671.9648, TV Loss: 77826.8906, Total Loss: 18231576576.0000
2025-01-08 23:20:39,838 - INFO - [1/5] Validating input arguments...
2025-01-08 23:20:39,838 - INFO - [2/5] Initializing components...
2025-01-08 23:20:39,838 - INFO - Device set to: CPU
2025-01-08 23:20:40,470 - INFO - Pretrained VGG-19 model loaded successfully.
2025-01-08 23:20:40,471 - INFO - [3/5] Ensuring model for 'impressionism'...
2025-01-08 23:20:40,471 - INFO - Model 'impressionism_model.pth' not found locally. Attempting to download...
2025-01-08 23:20:40,471 - INFO - Downloading 'impressionism_model.pth' from Hugging Face repository 'ClueSec/artify-models'...
2025-01-08 23:20:40,637 - INFO - Successfully downloaded 'impressionism_model.pth' to 'models/models--ClueSec--artify-models/snapshots/14c23b02e4ba4ceae728c0881fe47856566d7ac3/impressionism_model.pth'
2025-01-08 23:20:40,637 - INFO - Model 'impressionism_model.pth' is ready at 'models/impressionism_model.pth'
2025-01-08 23:20:40,637 - INFO - [4/5] Preprocessing content image...
2025-01-08 23:20:40,644 - INFO - [5/5] Loading and preprocessing style image...
2025-01-08 23:20:40,664 - INFO - [6/6] Applying style transfer... This may take a few moments.
2025-01-08 23:20:40,664 - INFO - Starting style transfer process...
2025-01-08 23:20:40,669 - INFO - Extracting features for style and content...
2025-01-08 23:20:41,720 - INFO - Running 300 iterations for style transfer...
2025-01-08 23:20:42,946 - INFO - Iteration 1/300 - Content Loss: 0.0000, Style Loss: 30725.0195, TV Loss: 52832.7656, Total Loss: 30725019648.0000
2025-01-08 23:21:28,423 - INFO - [1/5] Validating input arguments...
2025-01-08 23:21:28,423 - INFO - [2/5] Initializing components...
2025-01-08 23:21:28,423 - INFO - Device set to: CPU
2025-01-08 23:21:29,052 - INFO - Pretrained VGG-19 model loaded successfully.
2025-01-08 23:21:29,053 - INFO - [3/5] Ensuring model for 'impressionism'...
2025-01-08 23:21:29,053 - INFO - Model 'impressionism_model.pth' not found locally. Attempting to download...
2025-01-08 23:21:29,053 - INFO - Downloading 'impressionism_model.pth' from Hugging Face repository 'ClueSec/artify-models'...
2025-01-08 23:21:29,723 - INFO - Successfully downloaded 'impressionism_model.pth' to 'models/models--ClueSec--artify-models/snapshots/14c23b02e4ba4ceae728c0881fe47856566d7ac3/impressionism_model.pth'
2025-01-08 23:21:29,723 - INFO - Model 'impressionism_model.pth' is ready at 'models/impressionism_model.pth'
2025-01-08 23:21:29,723 - INFO - [4/5] Preprocessing content image...
2025-01-08 23:21:29,729 - INFO - [5/5] Loading and preprocessing style image...
2025-01-08 23:21:29,740 - INFO - [6/6] Applying style transfer... This may take a few moments.
2025-01-08 23:21:29,740 - INFO - Starting style transfer process...
2025-01-08 23:21:29,746 - INFO - Extracting features for style and content...
2025-01-08 23:21:30,787 - INFO - Running 300 iterations for style transfer...
2025-01-08 23:21:32,103 - INFO - Iteration 1/300 - Content Loss: 0.0000, Style Loss: 141202.8750, TV Loss: 52832.7656, Total Loss: 141202882560.0000
2025-01-08 23:21:54,823 - INFO - Iteration 20/300 - Content Loss: 46.9985, Style Loss: 75310.6875, TV Loss: 76323.4609, Total Loss: 77695524864.0000
2025-01-08 23:23:19,136 - INFO - [1/5] Validating input arguments...
2025-01-08 23:23:19,136 - INFO - [2/5] Initializing components...
2025-01-08 23:23:19,136 - INFO - Device set to: CPU
2025-01-08 23:23:19,768 - INFO - Pretrained VGG-19 model loaded successfully.
2025-01-08 23:23:19,769 - INFO - [3/5] Ensuring model for 'impressionism'...
2025-01-08 23:23:19,769 - INFO - Model 'impressionism_model.pth' not found locally. Attempting to download...
2025-01-08 23:23:19,769 - INFO - Downloading 'impressionism_model.pth' from Hugging Face repository 'ClueSec/artify-models'...
2025-01-08 23:23:20,274 - INFO - Moved model to 'models/impressionism_model.pth'
2025-01-08 23:23:20,274 - INFO - Model 'impressionism_model.pth' is ready at 'models/impressionism_model.pth'
2025-01-08 23:23:20,274 - INFO - [4/5] Preprocessing content image...
2025-01-08 23:23:20,278 - INFO - [5/5] Loading and preprocessing style image...
2025-01-08 23:23:20,288 - INFO - [6/6] Applying style transfer... This may take a few moments.
2025-01-08 23:23:20,289 - INFO - Starting style transfer process...
2025-01-08 23:23:20,294 - INFO - Extracting features for style and content...
2025-01-08 23:23:21,356 - INFO - Running 300 iterations for style transfer...
2025-01-08 23:23:22,685 - INFO - Iteration 1/300 - Content Loss: 0.0000, Style Loss: 141202.8750, TV Loss: 52832.7656, Total Loss: 141202882560.0000
2025-01-08 23:23:34,949 - INFO - [1/5] Validating input arguments...
2025-01-08 23:23:34,950 - INFO - [2/5] Initializing components...
2025-01-08 23:23:34,950 - INFO - Device set to: CPU
2025-01-08 23:23:35,584 - INFO - Pretrained VGG-19 model loaded successfully.
2025-01-08 23:23:35,585 - INFO - [3/5] Ensuring model for 'impressionism'...
2025-01-08 23:23:35,585 - INFO - Model 'impressionism_model.pth' not found locally. Attempting to download...
2025-01-08 23:23:35,585 - INFO - Downloading 'impressionism_model.pth' from Hugging Face repository 'ClueSec/artify-models'...
2025-01-08 23:23:35,733 - INFO - Moved model to 'models/impressionism_model.pth'
2025-01-08 23:23:35,733 - INFO - Model 'impressionism_model.pth' is ready at 'models/impressionism_model.pth'
2025-01-08 23:23:35,733 - INFO - [4/5] Preprocessing content image...
2025-01-08 23:23:35,738 - INFO - [5/5] Loading and preprocessing style image...
2025-01-08 23:23:35,753 - INFO - [6/6] Applying style transfer... This may take a few moments.
2025-01-08 23:23:35,753 - INFO - Starting style transfer process...
2025-01-08 23:23:35,760 - INFO - Extracting features for style and content...
2025-01-08 23:23:36,806 - INFO - Running 300 iterations for style transfer...
2025-01-08 23:23:38,030 - INFO - Iteration 1/300 - Content Loss: 0.0000, Style Loss: 8459.7910, TV Loss: 52832.7656, Total Loss: 8459790848.0000
2025-01-08 23:23:56,577 - INFO - [1/5] Validating input arguments...
2025-01-08 23:23:56,577 - INFO - [2/5] Initializing components...
2025-01-08 23:23:56,578 - INFO - Device set to: CPU
2025-01-08 23:23:57,215 - INFO - Pretrained VGG-19 model loaded successfully.
2025-01-08 23:23:57,215 - INFO - [3/5] Ensuring model for 'impressionism'...
2025-01-08 23:23:57,215 - INFO - Model 'impressionism_model.pth' not found locally. Attempting to download...
2025-01-08 23:23:57,215 - INFO - Downloading 'impressionism_model.pth' from Hugging Face repository 'ClueSec/artify-models'...
2025-01-08 23:23:57,674 - INFO - Moved model to 'models/impressionism_model.pth'
2025-01-08 23:23:57,674 - INFO - Model 'impressionism_model.pth' is ready at 'models/impressionism_model.pth'
2025-01-08 23:23:57,675 - INFO - [4/5] Preprocessing content image...
2025-01-08 23:23:57,681 - INFO - [5/5] Loading and preprocessing style image...
2025-01-08 23:23:57,702 - INFO - [6/6] Applying style transfer... This may take a few moments.
2025-01-08 23:23:57,702 - INFO - Starting style transfer process...
2025-01-08 23:23:57,707 - INFO - Extracting features for style and content...
2025-01-08 23:23:58,738 - INFO - Running 300 iterations for style transfer...
2025-01-08 23:23:59,993 - INFO - Iteration 1/300 - Content Loss: 0.0000, Style Loss: 56271.2773, TV Loss: 52832.7656, Total Loss: 56271278080.0000
2025-01-08 23:25:35,982 - INFO - [1/5] Validating input arguments...
2025-01-08 23:25:35,982 - INFO - [2/5] Initializing components...
2025-01-08 23:25:35,982 - INFO - Device set to: CPU
2025-01-08 23:25:36,609 - INFO - Pretrained VGG-19 model loaded successfully.
2025-01-08 23:25:36,610 - INFO - [3/5] Ensuring model for 'impressionism'...
2025-01-08 23:25:36,610 - INFO - Model 'impressionism_model.pth' not found locally. Attempting to download...
2025-01-08 23:25:36,610 - INFO - Downloading 'impressionism_model.pth' from Hugging Face repository 'ClueSec/artify-models'...
2025-01-08 23:25:37,113 - INFO - Moved model to 'models/impressionism_model.pth'
2025-01-08 23:25:37,114 - INFO - [4/5] Preprocessing content image...
2025-01-08 23:25:37,119 - INFO - [5/5] Loading and preprocessing style image...
2025-01-08 23:25:37,138 - INFO - [6/6] Applying style transfer... This may take a few moments.
2025-01-08 23:25:37,138 - INFO - Starting style transfer process...
2025-01-08 23:25:37,144 - INFO - Extracting features for style and content...
2025-01-08 23:25:38,201 - INFO - Running 300 iterations for style transfer...
2025-01-08 23:25:39,452 - INFO - Iteration 1/300 - Content Loss: 0.0000, Style Loss: 34888.2070, TV Loss: 52832.7656, Total Loss: 34888208384.0000
2025-01-08 23:25:42,631 - INFO - [1/5] Validating input arguments...
2025-01-08 23:25:42,631 - INFO - [2/5] Initializing components...
2025-01-08 23:25:42,631 - INFO - Device set to: CPU
2025-01-08 23:25:43,264 - INFO - Pretrained VGG-19 model loaded successfully.
2025-01-08 23:25:43,265 - INFO - [3/5] Ensuring model for 'impressionism'...
2025-01-08 23:25:43,265 - INFO - Model 'impressionism_model.pth' not found locally. Attempting to download...
2025-01-08 23:25:43,265 - INFO - Downloading 'impressionism_model.pth' from Hugging Face repository 'ClueSec/artify-models'...
2025-01-08 23:25:43,414 - INFO - Moved model to 'models/impressionism_model.pth'
2025-01-08 23:25:43,414 - INFO - [4/5] Preprocessing content image...
2025-01-08 23:25:43,419 - INFO - [5/5] Loading and preprocessing style image...
2025-01-08 23:25:43,442 - INFO - [6/6] Applying style transfer... This may take a few moments.
2025-01-08 23:25:43,442 - INFO - Starting style transfer process...
2025-01-08 23:25:43,447 - INFO - Extracting features for style and content...
2025-01-08 23:25:44,522 - INFO - Running 300 iterations for style transfer...
2025-01-08 23:25:45,777 - INFO - Iteration 1/300 - Content Loss: 0.0000, Style Loss: 15833.0293, TV Loss: 52832.7656, Total Loss: 15833029632.0000
2025-01-08 23:27:12,416 - INFO - [1/5] Validating input arguments...
2025-01-08 23:27:12,417 - INFO - [2/5] Initializing components...
2025-01-08 23:27:12,417 - INFO - Device set to: CPU
2025-01-08 23:27:13,058 - INFO - Pretrained VGG-19 model loaded successfully.
2025-01-08 23:27:13,059 - INFO - [3/5] Ensuring model for 'impressionism'...
2025-01-08 23:27:13,059 - INFO - Model for 'impressionism' not found locally. Downloading...
2025-01-08 23:27:13,059 - INFO - Checking for model 'ClueSec/artify-models/impressionism_model' in cache or downloading it from Hugging Face Hub...
2025-01-08 23:27:13,059 - ERROR - Failed to download model 'ClueSec/artify-models/impressionism_model': Repo id must be in the form 'repo_name' or 'namespace/repo_name': 'ClueSec/artify-models/impressionism_model'. Use `repo_type` argument if needed.
2025-01-08 23:27:13,059 - ERROR - Failed to download model for 'impressionism': Repo id must be in the form 'repo_name' or 'namespace/repo_name': 'ClueSec/artify-models/impressionism_model'. Use `repo_type` argument if needed.
2025-01-08 23:27:13,059 - ERROR - Failed to ensure model: Repo id must be in the form 'repo_name' or 'namespace/repo_name': 'ClueSec/artify-models/impressionism_model'. Use `repo_type` argument if needed.
2025-01-08 23:27:30,952 - INFO - [1/5] Validating input arguments...
2025-01-08 23:27:30,953 - INFO - [2/5] Initializing components...
2025-01-08 23:27:30,953 - INFO - Device set to: CPU
2025-01-08 23:27:31,605 - INFO - Pretrained VGG-19 model loaded successfully.
2025-01-08 23:27:31,606 - INFO - [3/5] Ensuring model for 'impressionism'...
2025-01-08 23:27:31,606 - INFO - Model for 'impressionism' not found locally. Downloading...
2025-01-08 23:27:31,606 - INFO - Checking for model 'ClueSec/artify-models' in cache or downloading it from Hugging Face Hub...
2025-01-08 23:27:32,335 - INFO - Model downloaded to models/models--ClueSec--artify-models/snapshots/14c23b02e4ba4ceae728c0881fe47856566d7ac3.
2025-01-08 23:27:32,335 - INFO - Model for 'impressionism' downloaded and saved to models/impressionism_model.pth.
2025-01-08 23:27:32,335 - INFO - [4/5] Preprocessing content image...
2025-01-08 23:27:32,345 - INFO - [5/5] Loading and preprocessing style image...
2025-01-08 23:27:32,361 - INFO - [6/6] Applying style transfer... This may take a few moments.
2025-01-08 23:27:32,361 - INFO - Starting style transfer process...
2025-01-08 23:27:32,369 - INFO - Extracting features for style and content...
2025-01-08 23:27:33,410 - INFO - Running 300 iterations for style transfer...
2025-01-08 23:27:34,685 - INFO - Iteration 1/300 - Content Loss: 0.0000, Style Loss: 34888.2070, TV Loss: 52832.7656, Total Loss: 34888208384.0000
2025-01-08 23:27:41,016 - INFO - [1/5] Validating input arguments...
2025-01-08 23:27:41,017 - INFO - [2/5] Initializing components...
2025-01-08 23:27:41,017 - INFO - Device set to: CPU
2025-01-08 23:27:41,671 - INFO - Pretrained VGG-19 model loaded successfully.
2025-01-08 23:27:41,672 - INFO - [3/5] Ensuring model for 'impressionism'...
2025-01-08 23:27:41,672 - INFO - Model for 'impressionism' not found locally. Downloading...
2025-01-08 23:27:41,672 - INFO - Checking for model 'ClueSec/artify-models' in cache or downloading it from Hugging Face Hub...
2025-01-08 23:27:41,979 - INFO - Model downloaded to models/models--ClueSec--artify-models/snapshots/14c23b02e4ba4ceae728c0881fe47856566d7ac3.
2025-01-08 23:27:41,980 - INFO - Model for 'impressionism' downloaded and saved to models/impressionism_model.pth.
2025-01-08 23:27:41,980 - INFO - [4/5] Preprocessing content image...
2025-01-08 23:27:41,988 - INFO - [5/5] Loading and preprocessing style image...
2025-01-08 23:27:42,013 - INFO - [6/6] Applying style transfer... This may take a few moments.
2025-01-08 23:27:42,013 - INFO - Starting style transfer process...
2025-01-08 23:27:42,020 - INFO - Extracting features for style and content...
2025-01-08 23:27:43,078 - INFO - Running 300 iterations for style transfer...
2025-01-08 23:27:44,346 - INFO - Iteration 1/300 - Content Loss: 0.0000, Style Loss: 30725.0195, TV Loss: 52832.7656, Total Loss: 30725019648.0000
